[debug] [2022-04-18T17:49:24.659Z] ----------------------------------------------------------------------
[debug] [2022-04-18T17:49:24.662Z] Command:       C:\Program Files\nodejs\node.exe C:\Users\HP\AppData\Roaming\npm\node_modules\firebase-tools\lib\bin\firebase.js init
[debug] [2022-04-18T17:49:24.662Z] CLI Version:   10.6.0
[debug] [2022-04-18T17:49:24.662Z] Platform:      win32
[debug] [2022-04-18T17:49:24.662Z] Node Version:  v16.10.0
[debug] [2022-04-18T17:49:24.667Z] Time:          Mon Apr 18 2022 23:49:24 GMT+0600 (Bangladesh Standard Time)
[debug] [2022-04-18T17:49:24.667Z] ----------------------------------------------------------------------
[debug] 
[debug] [2022-04-18T17:49:24.671Z] >>> [apiv2][query] GET https://firebase-public.firebaseio.com/cli.json [none]
[debug] [2022-04-18T17:49:24.760Z] > command requires scopes: ["email","openid","https://www.googleapis.com/auth/cloudplatformprojects.readonly","https://www.googleapis.com/auth/firebase","https://www.googleapis.com/auth/cloud-platform"]
[debug] [2022-04-18T17:49:24.760Z] > authorizing via signed-in user (niloydeyce@gmail.com)
[info] 
     ######## #### ########  ######## ########     ###     ######  ########
     ##        ##  ##     ## ##       ##     ##  ##   ##  ##       ##
     ######    ##  ########  ######   ########  #########  ######  ######
     ##        ##  ##    ##  ##       ##     ## ##     ##       ## ##
     ##       #### ##     ## ######## ########  ##     ##  ######  ########

You're about to initialize a Firebase project in this directory:

  C:\Users\HP\Desktop\Healthcare-Related-Website_REACT-Firebase-Authentication-main

Before we get started, keep in mind:

  * You are initializing within an existing Firebase project directory

[debug] [2022-04-18T17:49:25.728Z] <<< [apiv2][status] GET https://firebase-public.firebaseio.com/cli.json 200
[debug] [2022-04-18T17:49:25.729Z] <<< [apiv2][body] GET https://firebase-public.firebaseio.com/cli.json {"cloudBuildErrorAfter":1594252800000,"cloudBuildWarnAfter":1590019200000,"defaultNode10After":1594252800000,"minVersion":"3.0.5","node8DeploysDisabledAfter":1613390400000,"node8RuntimeDisabledAfter":1615809600000,"node8WarnAfter":1600128000000}
[info] 
=== Project Setup
[info] 
[info] First, let's associate this project directory with a Firebase project.
[info] You can create multiple project aliases by running firebase use --add, 
[info] but for now we'll just set up a default project.
[info] 
[debug] [2022-04-18T17:50:09.743Z] Using project from CLI flag: heart-line-7abba
[debug] [2022-04-18T17:50:09.744Z] > refreshing access token with scopes: []
[debug] [2022-04-18T17:50:09.745Z] >>> HTTP REQUEST POST https://www.googleapis.com/oauth2/v3/token  
 <request body omitted>
[debug] [2022-04-18T17:50:10.090Z] <<< HTTP RESPONSE 200 {"cache-control":"no-cache, no-store, max-age=0, must-revalidate","expires":"Mon, 01 Jan 1990 00:00:00 GMT","date":"Mon, 18 Apr 2022 17:50:11 GMT","pragma":"no-cache","content-type":"application/json; charset=utf-8","vary":"X-Origin, Referer, Origin,Accept-Encoding","server":"scaffolding on HTTPServer2","x-xss-protection":"0","x-frame-options":"SAMEORIGIN","x-content-type-options":"nosniff","alt-svc":"h3=\":443\"; ma=2592000,h3-29=\":443\"; ma=2592000,h3-Q050=\":443\"; ma=2592000,h3-Q046=\":443\"; ma=2592000,h3-Q043=\":443\"; ma=2592000,quic=\":443\"; ma=2592000; v=\"46,43\"","accept-ranges":"none","transfer-encoding":"chunked"}
[debug] [2022-04-18T17:50:10.107Z] >>> [apiv2][query] GET https://firebase.googleapis.com/v1beta1/projects/heart-line-7abba [none]
[debug] [2022-04-18T17:50:10.969Z] <<< [apiv2][status] GET https://firebase.googleapis.com/v1beta1/projects/heart-line-7abba 403
[debug] [2022-04-18T17:50:10.969Z] <<< [apiv2][body] GET https://firebase.googleapis.com/v1beta1/projects/heart-line-7abba {"error":{"code":403,"message":"The caller does not have permission","status":"PERMISSION_DENIED"}}
[debug] [2022-04-18T17:50:10.969Z] HTTP Error: 403, The caller does not have permission
[debug] [2022-04-18T17:50:11.266Z] FirebaseError: HTTP Error: 403, The caller does not have permission
    at module.exports (C:\Users\HP\AppData\Roaming\npm\node_modules\firebase-tools\lib\responseToError.js:47:12)
    at RetryOperation._fn (C:\Users\HP\AppData\Roaming\npm\node_modules\firebase-tools\lib\apiv2.js:286:39)
    at processTicksAndRejections (node:internal/process/task_queues:96:5)
[error] 
[error] Error: Failed to get Firebase project heart-line-7abba. Please make sure the project exists and your account has permission to access it.
[debug] [2022-04-18T17:51:19.469Z] ----------------------------------------------------------------------
[debug] [2022-04-18T17:51:19.473Z] Command:       C:\Program Files\nodejs\node.exe C:\Users\HP\AppData\Roaming\npm\node_modules\firebase-tools\lib\bin\firebase.js init
[debug] [2022-04-18T17:51:19.473Z] CLI Version:   10.6.0
[debug] [2022-04-18T17:51:19.473Z] Platform:      win32
[debug] [2022-04-18T17:51:19.473Z] Node Version:  v16.10.0
[debug] [2022-04-18T17:51:19.474Z] Time:          Mon Apr 18 2022 23:51:19 GMT+0600 (Bangladesh Standard Time)
[debug] [2022-04-18T17:51:19.474Z] ----------------------------------------------------------------------
[debug] 
[debug] [2022-04-18T17:51:19.558Z] > command requires scopes: ["email","openid","https://www.googleapis.com/auth/cloudplatformprojects.readonly","https://www.googleapis.com/auth/firebase","https://www.googleapis.com/auth/cloud-platform"]
[debug] [2022-04-18T17:51:19.558Z] > authorizing via signed-in user (niloydeyce@gmail.com)
[info] 
     ######## #### ########  ######## ########     ###     ######  ########
     ##        ##  ##     ## ##       ##     ##  ##   ##  ##       ##
     ######    ##  ########  ######   ########  #########  ######  ######
     ##        ##  ##    ##  ##       ##     ## ##     ##       ## ##
     ##       #### ##     ## ######## ########  ##     ##  ######  ########

You're about to initialize a Firebase project in this directory:

  C:\Users\HP\Desktop\Healthcare-Related-Website_REACT-Firebase-Authentication-main

Before we get started, keep in mind:

  * You are initializing within an existing Firebase project directory

[info] 
=== Project Setup
[info] 
[info] First, let's associate this project directory with a Firebase project.
[info] You can create multiple project aliases by running firebase use --add, 
[info] but for now we'll just set up a default project.
[info] 
[debug] [2022-04-18T17:51:29.682Z] Using project from CLI flag: heart-line-7abba
[debug] [2022-04-18T17:51:29.730Z] >>> [apiv2][query] GET https://firebase.googleapis.com/v1beta1/projects/heart-line-7abba [none]
[debug] [2022-04-18T17:51:30.696Z] <<< [apiv2][status] GET https://firebase.googleapis.com/v1beta1/projects/heart-line-7abba 403
[debug] [2022-04-18T17:51:30.698Z] <<< [apiv2][body] GET https://firebase.googleapis.com/v1beta1/projects/heart-line-7abba {"error":{"code":403,"message":"The caller does not have permission","status":"PERMISSION_DENIED"}}
[debug] [2022-04-18T17:51:30.705Z] HTTP Error: 403, The caller does not have permission
[debug] [2022-04-18T17:51:31.094Z] FirebaseError: HTTP Error: 403, The caller does not have permission
    at module.exports (C:\Users\HP\AppData\Roaming\npm\node_modules\firebase-tools\lib\responseToError.js:47:12)
    at RetryOperation._fn (C:\Users\HP\AppData\Roaming\npm\node_modules\firebase-tools\lib\apiv2.js:286:39)
    at processTicksAndRejections (node:internal/process/task_queues:96:5)
[error] 
[error] Error: Failed to get Firebase project heart-line-7abba. Please make sure the project exists and your account has permission to access it.
